{"level":"info","message":"[DVP-voxbone.ListCountries] - [HTTP]  - Request received -  Data - {\"pageNumber\":\"1\",\"pageSize\":\"100\"} "}
{"level":"info","message":"[DVP-voxbone.ListCountries] - [HTTP]  - Request received -  Data - {\"pageNumber\":\"1\",\"pageSize\":\"100\"} "}
{"level":"info","message":"[DVP-voxbone.ListCountries] - [HTTP]  - Request received -  Data - {\"pageNumber\":\"1\",\"pageSize\":\"100\"} "}
{"level":"info","message":"[DVP-voxbone.ListCountries] - [HTTP]  - Request received -  Data - {\"pageNumber\":\"1\",\"pageSize\":\"100\"} "}
{"level":"info","message":"[DVP-voxbone.ListCountries] - [HTTP]  - Request received -  Data - {\"pageNumber\":\"1\",\"pageSize\":\"100\"} "}
{"level":"info","message":"[DVP-voxbone.ListCountries] - [HTTP]  - Request received -  Data - {\"pageNumber\":\"1\",\"pageSize\":\"100\"} "}
{"level":"info","message":"[DVP-voxbone.ListCountries] - [HTTP]  - Request received -  Data - {\"pageNumber\":\"1\",\"pageSize\":\"100\"} "}
{"level":"info","message":"[DVP-voxbone.ListCountries] - [HTTP]  - Request received -  Data - {\"pageNumber\":\"1\",\"pageSize\":\"100\"} "}
{"level":"info","message":"[DVP-voxbone.ListCountries] - [HTTP]  - Request received -  Data - {\"pageNumber\":\"0\",\"pageSize\":\"100\"} "}
{"level":"info","message":"[DVP-voxbone.ListCountries] - [HTTP]  - Request received -  Data - {\"pageNumber\":\"0\",\"pageSize\":\"100\"} "}
{"level":"info","message":"[DVP-voxbone.ListCountries] - [HTTP]  - Request received -  Data - {\"pageNumber\":\"0\",\"pageSize\":\"100\"} "}
{"level":"info","message":"[DVP-voxbone.ListCountries] - [HTTP]  - Request received -  Data - {\"pageNumber\":\"0\",\"pageSize\":\"100\"} "}
{"level":"info","message":"[DVP-voxbone.ListCountries] - [HTTP]  - Request received -  Data - {\"pageNumber\":\"0\",\"pageSize\":\"100\"} "}
{"level":"info","message":"[DVP-voxbone.ListCountries] - [HTTP]  - Request received -  Data - {\"pageNumber\":\"0\",\"pageSize\":\"100\"} "}
{"level":"info","message":"[DVP-voxbone.ListCountries] - [HTTP]  - Request received -  Data - {\"pageNumber\":\"0\",\"pageSize\":\"100\"} "}
{"level":"info","message":"[DVP-voxbone.ListCountries] - [HTTP]  - Request received -  Data - {\"pageNumber\":\"0\",\"pageSize\":\"100\"} "}
{"level":"info","message":"[DVP-voxbone.ListDIDGroup] - [HTTP]  - Request received -  Data - {\"countryCodeA3\":\"ARG\",\"pageNumber\":\"0\",\"pageSize\":\"100\"} "}
{"level":"error","message":"[DVP-voxbone.ListDIDGroup] - [HTTP]  - Exception occurred -  Data - authorization "}
{"level":"info","message":"[DVP-voxbone.ListDIDGroup] - [HTTP]  - Request received -  Data - {\"countryCodeA3\":\"ARG\",\"pageNumber\":\"0\",\"pageSize\":\"100\"} "}
{"level":"info","message":"[DVP-voxbone.ListDIDGroup] - [HTTP]  - Request received -  Data - {\"countryCodeA3\":\"ARG\",\"pageNumber\":\"0\",\"pageSize\":\"100\"} "}
{"level":"info","message":"[DVP-voxbone.ListDIDGroup] - [HTTP]  - Request received -  Data - {\"countryCodeA3\":\"ARG\",\"pageNumber\":\"0\",\"pageSize\":\"100\"} "}
{"level":"info","message":"[DVP-voxbone.ListDIDGroup] - [HTTP]  - Request received -  Data - {\"countryCodeA3\":\"ARG\",\"pageNumber\":\"0\",\"pageSize\":\"100\"} "}
{"level":"info","message":"[DVP-voxbone.ListCountries] - [HTTP]  - Request received -  Data - {\"pageNumber\":\"0\",\"pageSize\":\"100\"} "}
{"level":"error","message":"[DVP-voxbone.ListCountries] - [HTTP]  - Exception occurred -  Data - authorization "}
{"level":"info","message":"[DVP-voxbone.ListCountries] - [HTTP]  - Request received -  Data - {\"pageNumber\":\"0\",\"pageSize\":\"100\"} "}
{"level":"info","message":"[DVP-voxbone.ListCountries] - [HTTP]  - Request received -  Data - {\"pageNumber\":\"0\",\"pageSize\":\"100\"} "}
{"level":"info","message":"[DVP-voxbone.ListDIDGroup] - [HTTP]  - Request received -  Data - {\"countryCodeA3\":\"ARG\",\"pageNumber\":\"0\",\"pageSize\":\"100\"} "}
{"level":"info","message":"[DVP-voxbone.ListDIDGroup] - [HTTP]  - Request received -  Data - {\"countryCodeA3\":\"ARG\",\"pageNumber\":\"0\",\"pageSize\":\"100\"} "}
{"level":"info","message":"[DVP-voxbone.ListDIDGroup] - [HTTP]  - Request received -  Data - {\"countryCodeA3\":\"CAN\",\"pageNumber\":\"0\",\"pageSize\":\"100\"} "}
{"level":"info","message":"[DVP-voxbone.ListDIDGroup] - [HTTP]  - Request received -  Data - {\"countryCodeA3\":\"BEL\",\"pageNumber\":\"0\",\"pageSize\":\"100\"} "}
{"level":"info","message":"[DVP-voxbone.ListDIDGroup] - [HTTP]  - Request received -  Data - {\"countryCodeA3\":\"BEL\",\"pageNumber\":\"0\",\"pageSize\":\"100\"} "}
{"level":"info","message":"[DVP-voxbone.ListDIDGroup] - [HTTP]  - Request received -  Data - {\"countryCodeA3\":\"BEL\",\"pageNumber\":\"0\",\"pageSize\":\"100\"} "}
{"level":"info","message":"[DVP-voxbone.ListDIDGroup] - [HTTP]  - Request received -  Data - {\"countryCodeA3\":\"BEL\",\"pageNumber\":\"0\",\"pageSize\":\"100\"} "}
{"level":"info","message":"[DVP-voxbone.ListDIDGroup] - [HTTP]  - Request received -  Data - {\"countryCodeA3\":\"BEL\",\"pageNumber\":\"0\",\"pageSize\":\"100\"} "}
{"level":"info","message":"[DVP-voxbone.ListDIDGroup] - [HTTP]  - Request received -  Data - {\"countryCodeA3\":\"BEL\",\"pageNumber\":\"0\",\"pageSize\":\"100\"} "}
{"level":"info","message":"[DVP-voxbone.ListDIDGroup] - [HTTP]  - Request received -  Data - {\"countryCodeA3\":\"BEL\",\"pageNumber\":\"0\",\"pageSize\":\"100\"} "}
{"level":"info","message":"[DVP-voxbone.ListDIDGroup] - [HTTP]  - Request received -  Data - {\"countryCodeA3\":\"BEL\",\"pageNumber\":\"0\",\"pageSize\":\"100\"} "}
{"level":"info","message":"[DVP-voxbone.ListDIDGroup] - [HTTP]  - Request received -  Data - {\"countryCodeA3\":\"BEL\",\"pageNumber\":\"0\",\"pageSize\":\"100\"} "}
{"level":"info","message":"[DVP-voxbone.ListDIDGroup] - [HTTP]  - Request received -  Data - {\"countryCodeA3\":\"BEL\",\"pageNumber\":\"0\",\"pageSize\":\"100\"} "}
{"level":"info","message":"[DVP-voxbone.ListDIDGroupByDidType] - [HTTP]  - Request received -  Data - {\"didType\":\"NATIONAL\",\"countryCodeA3\":\"BEL\",\"pageNumber\":\"0\",\"pageSize\":\"100\"} "}
{"level":"info","message":"[DVP-voxbone.ListDIDGroupByDidType] - [HTTP]  - Request received -  Data - {\"didType\":\"NATIONAL\",\"countryCodeA3\":\"BEL\",\"pageNumber\":\"0\",\"pageSize\":\"100\"} "}
{"level":"info","message":"[DVP-voxbone.ListDIDGroupByDidType] - [HTTP]  - Request received -  Data - {\"didType\":\"NATIONAL\",\"countryCodeA3\":\"BEL\",\"pageNumber\":\"0\",\"pageSize\":\"100\"} "}
{"level":"info","message":"[DVP-voxbone.ListDIDGroupByDidType] - [HTTP]  - Request received -  Data - {\"didType\":\"NATIONAL\",\"countryCodeA3\":\"BEL\",\"pageNumber\":\"0\",\"pageSize\":\"100\"} "}
{"level":"info","message":"[DVP-voxbone.ListDIDGroupByDidType] - [HTTP]  - Request received -  Data - {\"didType\":\"NATIONAL\",\"countryCodeA3\":\"BEL\",\"pageNumber\":\"0\",\"pageSize\":\"100\"} "}
{"level":"info","message":"[DVP-voxbone.ListDIDGroupByDidType] - [HTTP]  - Request received -  Data - {\"didType\":\"NATIONAL\",\"countryCodeA3\":\"BEL\",\"pageNumber\":\"0\",\"pageSize\":\"100\"} "}
{"level":"info","message":"[DVP-voxbone.ListDIDGroupByDidType] - [HTTP]  - Request received -  Data - {\"didType\":\"NATIONAL\",\"countryCodeA3\":\"BEL\",\"pageNumber\":\"0\",\"pageSize\":\"100\"} "}
{"level":"info","message":"[DVP-voxbone.ListDIDGroupByDidType] - [HTTP]  - Request received -  Data - {\"didType\":\"NATIONAL\",\"countryCodeA3\":\"BEL\",\"pageNumber\":\"0\",\"pageSize\":\"100\"} "}
{"level":"info","message":"[DVP-voxbone.ListDIDGroupByDidType] - [HTTP]  - Request received -  Data - {\"didType\":\"NATIONAL\",\"countryCodeA3\":\"BEL\",\"pageNumber\":\"0\",\"pageSize\":\"100\"} "}
{"level":"info","message":"[DVP-voxbone.ListDIDGroupByDidType] - [HTTP]  - Request received -  Data - {\"didType\":\"NATIONAL\",\"countryCodeA3\":\"BEL\",\"pageNumber\":\"0\",\"pageSize\":\"100\"} "}
{"level":"info","message":"[DVP-voxbone.ListDIDGroupByDidType] - [HTTP]  - Request received -  Data - {\"didType\":\"NATIONAL\",\"countryCodeA3\":\"BEL\",\"pageNumber\":\"0\",\"pageSize\":\"100\"} "}
{"level":"info","message":"[DVP-voxbone.ListDIDGroupByDidType] - [HTTP]  - Request received -  Data - {\"didType\":\"NATIONAL\",\"countryCodeA3\":\"BEL\",\"pageNumber\":\"0\",\"pageSize\":\"100\"} "}
{"level":"info","message":"[DVP-voxbone.ListDIDGroup] - [HTTP]  - Request received -  Data - {\"countryCodeA3\":\"BEL\",\"pageNumber\":\"0\",\"pageSize\":\"100\"} "}
{"level":"info","message":"[DVP-voxbone.OrderDids] - [HTTP]  - Request received -  Data - {\"customerReference\":\"duo78965_7854\",\"description\":\"test\",\"didGroupId\":\"8368\",\"quantity\":\"1\",\"countryCodeA3\":\"BEL\"} "}
