0 info it worked if it ends with ok
1 verbose cli [ 'C:\\Program Files\\nodejs\\\\node.exe',
1 verbose cli   'C:\\Program Files\\nodejs\\node_modules\\npm\\bin\\npm-cli.js',
1 verbose cli   'install',
1 verbose cli   'enum' ]
2 info using npm@1.4.28
3 info using node@v0.10.33
4 verbose node symlink C:\Program Files\nodejs\\node.exe
5 warn package.json DVP-Voxbone@1.0.0 No repository field.
6 warn package.json DVP-Voxbone@1.0.0 No README data
7 warn package.json DVP-DBModels@0.0.0 No description
8 warn package.json node@0.0.0 No description
9 warn package.json node@0.0.0 No repository field.
10 warn package.json node@0.0.0 No README data
11 warn package.json nodejs@0.0.0 No description
12 warn package.json nodejs@0.0.0 No repository field.
13 verbose readDependencies using package.json deps
14 verbose cache add [ 'enum@^2.7.4', null ]
15 verbose cache add name=undefined spec="enum@^2.7.4" args=["enum@^2.7.4",null]
16 verbose parsed url { protocol: null,
16 verbose parsed url   slashes: null,
16 verbose parsed url   auth: null,
16 verbose parsed url   host: null,
16 verbose parsed url   port: null,
16 verbose parsed url   hostname: null,
16 verbose parsed url   hash: null,
16 verbose parsed url   search: null,
16 verbose parsed url   query: null,
16 verbose parsed url   pathname: 'enum@^2.7.4',
16 verbose parsed url   path: 'enum@^2.7.4',
16 verbose parsed url   href: 'enum@^2.7.4' }
17 verbose cache add name="enum" spec="^2.7.4" args=["enum","^2.7.4"]
18 verbose parsed url { protocol: null,
18 verbose parsed url   slashes: null,
18 verbose parsed url   auth: null,
18 verbose parsed url   host: null,
18 verbose parsed url   port: null,
18 verbose parsed url   hostname: null,
18 verbose parsed url   hash: null,
18 verbose parsed url   search: null,
18 verbose parsed url   query: null,
18 verbose parsed url   pathname: '^2.7.4',
18 verbose parsed url   path: '^2.7.4',
18 verbose parsed url   href: '^2.7.4' }
19 verbose addNamed [ 'enum', '^2.7.4' ]
20 verbose addNamed [ null, '>=2.7.4-0 <3.0.0-0' ]
21 silly lockFile 2a579e02-enum-2-7-4 enum@^2.7.4
22 verbose lock enum@^2.7.4 C:\Users\Rajinda\AppData\Roaming\npm-cache\2a579e02-enum-2-7-4.lock
23 silly addNameRange { name: 'enum', range: '>=2.7.4-0 <3.0.0-0', hasData: false }
24 verbose request where is /enum
25 verbose request registry https://registry.npmjs.org/
26 verbose request id cabdc52d85b0b395
27 verbose url raw /enum
28 verbose url resolving [ 'https://registry.npmjs.org/', './enum' ]
29 verbose url resolved https://registry.npmjs.org/enum
30 verbose request where is https://registry.npmjs.org/enum
31 info trying registry request attempt 1 at 12:22:47
32 verbose etag "F3GM7E346YZ9TRBEJWLXF1IYZ"
33 http GET https://registry.npmjs.org/enum
34 http 304 https://registry.npmjs.org/enum
35 silly registry.get cb [ 304,
35 silly registry.get   { date: 'Thu, 27 Aug 2015 06:56:59 GMT',
35 silly registry.get     via: '1.1 varnish',
35 silly registry.get     'cache-control': 'max-age=60',
35 silly registry.get     etag: '"F3GM7E346YZ9TRBEJWLXF1IYZ"',
35 silly registry.get     age: '55',
35 silly registry.get     connection: 'keep-alive',
35 silly registry.get     'x-served-by': 'cache-sin6921-SIN',
35 silly registry.get     'x-cache': 'HIT',
35 silly registry.get     'x-cache-hits': '1',
35 silly registry.get     'x-timer': 'S1440658619.762428,VS0,VE0',
35 silly registry.get     vary: 'Accept' } ]
36 verbose etag https://registry.npmjs.org/enum from cache
37 silly addNameRange number 2 { name: 'enum', range: '>=2.7.4-0 <3.0.0-0', hasData: true }
38 silly addNameRange versions [ 'enum',
38 silly addNameRange   [ '0.1.0',
38 silly addNameRange     '0.2.0',
38 silly addNameRange     '0.2.1',
38 silly addNameRange     '0.2.2',
38 silly addNameRange     '0.2.3',
38 silly addNameRange     '0.2.4',
38 silly addNameRange     '0.2.5',
38 silly addNameRange     '0.2.6',
38 silly addNameRange     '0.2.7',
38 silly addNameRange     '1.0.0',
38 silly addNameRange     '1.1.0',
38 silly addNameRange     '2.0.0',
38 silly addNameRange     '2.0.1',
38 silly addNameRange     '2.0.2',
38 silly addNameRange     '2.1.0' ] ]
39 silly lockFile 2a579e02-enum-2-7-4 enum@^2.7.4
40 silly lockFile 2a579e02-enum-2-7-4 enum@^2.7.4
41 error notarget No compatible version found: enum@'>=2.7.4-0 <3.0.0-0'
41 error notarget Valid install targets:
41 error notarget ["0.1.0","0.2.0","0.2.1","0.2.2","0.2.3","0.2.4","0.2.5","0.2.6","0.2.7","1.0.0","1.1.0","2.0.0","2.0.1","2.0.2","2.1.0"]
41 error notarget
41 error notarget This is most likely not a problem with npm itself.
41 error notarget In most cases you or one of your dependencies are requesting
41 error notarget a package version that doesn't exist.
42 error System Windows_NT 6.2.9200
43 error command "C:\\Program Files\\nodejs\\\\node.exe" "C:\\Program Files\\nodejs\\node_modules\\npm\\bin\\npm-cli.js" "install" "enum"
44 error cwd I:\Duo Projects\NodeJS\DVP-Voxbone
45 error node -v v0.10.33
46 error npm -v 1.4.28
47 error code ETARGET
48 verbose exit [ 1, true ]
